<?xml version="1.0" encoding="UTF-8"?>
<testsuite xmlns:xsi="http://www.w3.org/2001/XMLSchema-instance" xsi:noNamespaceSchemaLocation="https://maven.apache.org/surefire/maven-surefire-plugin/xsd/surefire-test-report.xsd" name="de.tudresden.algorandjava.AlgorandConnectionTest" time="1.293" tests="9" errors="1" skipped="0" failures="0">
  <properties>
[...]
</properties>
  <testcase name="testAlgorandConnection" classname="de.tudresden.algorandjava.AlgorandConnectionTest" time="1.161"/>
  <testcase name="addTwoNumberTest" classname="de.tudresden.algorandjava.AlgorandConnectionTest" time="0.005"/>
  <testcase name="testLocalClient{String, int, String, boolean}" classname="de.tudresden.algorandjava.AlgorandConnectionTest" time="0.016">
    <error message="No ParameterResolver registered for parameter [java.lang.String arg0] in method [public void de.tudresden.algorandjava.AlgorandConnectionTest.testLocalClient(java.lang.String,int,java.lang.String,boolean)]." type="org.junit.jupiter.api.extension.ParameterResolutionException">org.junit.jupiter.api.extension.ParameterResolutionException: No ParameterResolver registered for parameter [java.lang.String arg0] in method [public void de.tudresden.algorandjava.AlgorandConnectionTest.testLocalClient(java.lang.String,int,java.lang.String,boolean)].
</error>
  </testcase>
  <testcase name="creepyTest" classname="de.tudresden.algorandjava.AlgorandConnectionTest" time="0.006"/>
  <testcase name="creepyTest[1]" classname="de.tudresden.algorandjava.AlgorandConnectionTest" time="0.004"/>
  <testcase name="creepyTest[2]" classname="de.tudresden.algorandjava.AlgorandConnectionTest" time="0.001"/>
  <testcase name="creepyTest[3]" classname="de.tudresden.algorandjava.AlgorandConnectionTest" time="0.001"/>
  <testcase name="creepyTest[4]" classname="de.tudresden.algorandjava.AlgorandConnectionTest" time="0"/>
  <testcase name="creepyTest[5]" classname="de.tudresden.algorandjava.AlgorandConnectionTest" time="0.001"/>
</testsuite>